Base path: '/Users/socio/Unity/2019.4.14f1/Unity.app/Contents', plugins path '/Users/socio/Unity/2019.4.14f1/Unity.app/Contents/PlaybackEngines'
Cmd: initializeCompiler
Cmd: compileComputeKernel
  api=14 insize=12919 outsize=3656 ok=1
Cmd: translateComputeKernel
  api=14 insize=3829 outsize=4279 ok=1
Cmd: compileComputeKernel
  api=14 insize=11985 outsize=2853 ok=1
Cmd: compileComputeKernel
  api=14 insize=11985 outsize=2887 ok=1
Cmd: translateComputeKernel
  api=14 insize=2927 outsize=3392 ok=1
Cmd: translateComputeKernel
  api=14 insize=2960 outsize=3441 ok=1
Cmd: compileComputeKernel
  api=14 insize=17013 outsize=3785 ok=1
Cmd: translateComputeKernel
  api=14 insize=7575 outsize=13203 ok=1
Cmd: compileComputeKernel
  api=14 insize=74735 outsize=3766 ok=1
Cmd: compileComputeKernel
  api=14 insize=74735 outsize=3621 ok=1
Cmd: compileComputeKernel
  api=14 insize=74735 outsize=4213 ok=1
Cmd: compileComputeKernel
  api=14 insize=74735 outsize=3419 ok=1
Cmd: compileComputeKernel
  api=14 insize=74735 outsize=3763 ok=1
Cmd: compileComputeKernel
  api=14 insize=74735 outsize=4093 ok=1
Cmd: compileComputeKernel
  api=14 insize=74735 outsize=3533 ok=1
Cmd: compileComputeKernel
  api=14 insize=74735 outsize=3519 ok=1
Cmd: compileComputeKernel
  api=14 insize=74735 outsize=4051 ok=1
Cmd: compileComputeKernel
  api=14 insize=74735 outsize=4085 ok=1
Cmd: compileComputeKernel
  api=14 insize=74735 outsize=3433 ok=1
Cmd: compileComputeKernel
  api=14 insize=74735 outsize=3581 ok=1
Cmd: compileComputeKernel
  api=14 insize=74735 outsize=3055 ok=1
Cmd: translateComputeKernel
  api=14 insize=5598 outsize=6685 ok=1
Cmd: translateComputeKernel
  api=14 insize=4480 outsize=4615 ok=1
Cmd: translateComputeKernel
  api=14 insize=4098 outsize=3711 ok=1
Cmd: translateComputeKernel
  api=14 insize=4134 outsize=3751 ok=1
Cmd: translateComputeKernel
  api=14 insize=4124 outsize=3748 ok=1
Cmd: translateComputeKernel
  api=14 insize=4210 outsize=3887 ok=1
Cmd: translateComputeKernel
  api=14 insize=4100 outsize=3707 ok=1
Cmd: translateComputeKernel
  api=14 insize=4698 outsize=4961 ok=1
Cmd: translateComputeKernel
  api=14 insize=4730 outsize=5007 ok=1
Cmd: translateComputeKernel
  api=14 insize=4877 outsize=5256 ok=1
Cmd: translateComputeKernel
  api=14 insize=5650 outsize=7040 ok=1
Cmd: translateComputeKernel
  api=14 insize=5284 outsize=5879 ok=1
Cmd: translateComputeKernel
  api=14 insize=9220 outsize=17996 ok=1
Cmd: compileComputeKernel
  api=14 insize=57129 outsize=2242 ok=1
Cmd: compileComputeKernel
  api=14 insize=57129 outsize=2225 ok=1
Cmd: compileComputeKernel
  api=14 insize=57129 outsize=2173 ok=1
Cmd: compileComputeKernel
  api=14 insize=57129 outsize=2188 ok=1
Cmd: compileComputeKernel
  api=14 insize=57129 outsize=2263 ok=1
Cmd: compileComputeKernel
  api=14 insize=57129 outsize=2353 ok=1
Cmd: compileComputeKernel
  api=14 insize=57129 outsize=3433 ok=1
Cmd: compileComputeKernel
  api=14 insize=57129 outsize=2914 ok=1
Cmd: compileComputeKernel
  api=14 insize=57129 outsize=2756 ok=1
Cmd: compileComputeKernel
  api=14 insize=57129 outsize=3045 ok=1
Cmd: compileComputeKernel
  api=14 insize=57129 outsize=3300 ok=1
Cmd: compileComputeKernel
  api=14 insize=57129 outsize=2856 ok=1
Cmd: translateComputeKernel
  api=14 insize=1404 outsize=1232 ok=1
Cmd: translateComputeKernel
  api=14 insize=2545 outsize=2297 ok=1
Cmd: translateComputeKernel
  api=14 insize=2694 outsize=2557 ok=1
Cmd: translateComputeKernel
  api=14 insize=1481 outsize=1350 ok=1
Cmd: translateComputeKernel
  api=14 insize=1628 outsize=1531 ok=1
Cmd: translateComputeKernel
  api=14 insize=2513 outsize=2313 ok=1
Cmd: translateComputeKernel
  api=14 insize=3527 outsize=4297 ok=1
Cmd: translateComputeKernel
  api=14 insize=3005 outsize=3490 ok=1
Cmd: translateComputeKernel
  api=14 insize=2972 outsize=3237 ok=1
Cmd: translateComputeKernel
  api=14 insize=3030 outsize=3334 ok=1
Cmd: translateComputeKernel
  api=14 insize=3034 outsize=3323 ok=1
Cmd: translateComputeKernel
  api=14 insize=2952 outsize=3261 ok=1
Cmd: compileComputeKernel
  api=14 insize=79371 outsize=12236 ok=1
Cmd: compileComputeKernel
  api=14 insize=79371 outsize=14212 ok=1
Cmd: translateComputeKernel
  api=14 insize=15982 outsize=31874 ok=1
Cmd: translateComputeKernel
  api=14 insize=2771 outsize=3157 ok=1

Quitting shader compiler process
