Base path: '/Users/socio/Unity/2019.4.14f1/Unity.app/Contents', plugins path '/Users/socio/Unity/2019.4.14f1/Unity.app/Contents/PlaybackEngines'
Cmd: initializeCompiler
Cmd: compileComputeKernel
  api=14 insize=12919 outsize=3779 ok=1
Cmd: translateComputeKernel
  api=14 insize=3121 outsize=3116 ok=1
Cmd: compileComputeKernel
  api=14 insize=11985 outsize=2853 ok=1
Cmd: compileComputeKernel
  api=14 insize=11985 outsize=2882 ok=1
Cmd: translateComputeKernel
  api=14 insize=2923 outsize=3389 ok=1
Cmd: translateComputeKernel
  api=14 insize=2986 outsize=3472 ok=1
Cmd: compileComputeKernel
  api=14 insize=17013 outsize=7485 ok=1
Cmd: translateComputeKernel
  api=14 insize=3991 outsize=5344 ok=1
Cmd: compileComputeKernel
  api=14 insize=74735 outsize=5170 ok=1
Cmd: compileComputeKernel
  api=14 insize=74735 outsize=4161 ok=1
Cmd: compileComputeKernel
  api=14 insize=74735 outsize=3416 ok=1
Cmd: compileComputeKernel
  api=14 insize=74735 outsize=3652 ok=1
Cmd: compileComputeKernel
  api=14 insize=74735 outsize=4093 ok=1
Cmd: compileComputeKernel
  api=14 insize=74735 outsize=3529 ok=1
Cmd: compileComputeKernel
  api=14 insize=74735 outsize=3512 ok=1
Cmd: compileComputeKernel
  api=14 insize=74735 outsize=4051 ok=1
Cmd: compileComputeKernel
  api=14 insize=74735 outsize=4085 ok=1
Cmd: compileComputeKernel
  api=14 insize=74735 outsize=3433 ok=1
Cmd: compileComputeKernel
  api=14 insize=74735 outsize=3581 ok=1
Cmd: compileComputeKernel
  api=14 insize=74735 outsize=4434 ok=1
Cmd: translateComputeKernel
  api=14 insize=4363 outsize=4313 ok=1
Cmd: translateComputeKernel
  api=14 insize=4273 outsize=3999 ok=1
Cmd: translateComputeKernel
  api=14 insize=4806 outsize=5538 ok=1
Cmd: translateComputeKernel
  api=14 insize=4097 outsize=3709 ok=1
Cmd: translateComputeKernel
  api=14 insize=4495 outsize=4366 ok=1
Cmd: translateComputeKernel
  api=14 insize=4097 outsize=3709 ok=1
Cmd: translateComputeKernel
  api=14 insize=4641 outsize=4528 ok=1
Cmd: translateComputeKernel
  api=14 insize=4149 outsize=3740 ok=1
Cmd: translateComputeKernel
  api=14 insize=4698 outsize=4965 ok=1
Cmd: translateComputeKernel
  api=14 insize=4876 outsize=5255 ok=1
Cmd: translateComputeKernel
  api=14 insize=4207 outsize=3994 ok=1
Cmd: translateComputeKernel
  api=14 insize=4234 outsize=3903 ok=1
Cmd: translateComputeKernel
  api=14 insize=4181 outsize=3801 ok=1
Cmd: translateComputeKernel
  api=14 insize=4195 outsize=3905 ok=1
Cmd: compileComputeKernel
  api=14 insize=73293 outsize=6767 ok=1
Cmd: compileComputeKernel
  api=14 insize=57129 outsize=2149 ok=1
Cmd: compileComputeKernel
  api=14 insize=57129 outsize=2278 ok=1
Cmd: compileComputeKernel
  api=14 insize=57129 outsize=2316 ok=1
Cmd: compileComputeKernel
  api=14 insize=57129 outsize=1228 ok=1
Cmd: compileComputeKernel
  api=14 insize=57129 outsize=1383 ok=1
Cmd: compileComputeKernel
  api=14 insize=57129 outsize=2607 ok=1
Cmd: compileComputeKernel
  api=14 insize=57129 outsize=2996 ok=1
Cmd: compileComputeKernel
  api=14 insize=57129 outsize=2937 ok=1
Cmd: compileComputeKernel
  api=14 insize=57129 outsize=2841 ok=1
Cmd: compileComputeKernel
  api=14 insize=57129 outsize=2846 ok=1
Cmd: compileComputeKernel
  api=14 insize=57129 outsize=3237 ok=1
Cmd: compileComputeKernel
  api=14 insize=57129 outsize=2759 ok=1
Cmd: translateComputeKernel
  api=14 insize=2404 outsize=2141 ok=1
Cmd: translateComputeKernel
  api=14 insize=2420 outsize=2146 ok=1
Cmd: translateComputeKernel
  api=14 insize=2368 outsize=2070 ok=1
Cmd: translateComputeKernel
  api=14 insize=2445 outsize=2207 ok=1
Cmd: translateComputeKernel
  api=14 insize=1636 outsize=1511 ok=1
Cmd: translateComputeKernel
  api=14 insize=1627 outsize=1514 ok=1
Cmd: translateComputeKernel
  api=14 insize=2891 outsize=3310 ok=1
Cmd: translateComputeKernel
  api=14 insize=2996 outsize=3280 ok=1
Cmd: translateComputeKernel
  api=14 insize=2921 outsize=3333 ok=1
Cmd: translateComputeKernel
  api=14 insize=2961 outsize=3218 ok=1
Cmd: translateComputeKernel
  api=14 insize=2967 outsize=3434 ok=1
Cmd: translateComputeKernel
  api=14 insize=3011 outsize=3449 ok=1
Cmd: translateComputeKernel
  api=14 insize=2897 outsize=3296 ok=1
Cmd: compileComputeKernel
  api=14 insize=79371 outsize=13796 ok=1
Cmd: compileComputeKernel
  api=14 insize=79371 outsize=4508 ok=1
Cmd: compileComputeKernel
  api=14 insize=79371 outsize=2912 ok=1
Cmd: compileComputeKernel
  api=14 insize=79371 outsize=3309 ok=1
Cmd: compileComputeKernel
  api=14 insize=79371 outsize=3245 ok=1
Cmd: compileComputeKernel
  api=14 insize=79371 outsize=6699 ok=1
Cmd: compileComputeKernel
  api=14 insize=79371 outsize=13572 ok=1
Cmd: translateComputeKernel
  api=14 insize=12827 outsize=22645 ok=1
Cmd: translateComputeKernel
  api=14 insize=3078 outsize=3520 ok=1
Cmd: translateComputeKernel
  api=14 insize=3482 outsize=4521 ok=1
Cmd: translateComputeKernel
  api=14 insize=14277 outsize=27203 ok=1
Cmd: translateComputeKernel
  api=14 insize=4426 outsize=7756 ok=1

Quitting shader compiler process
