Base path: '/Users/socio/Unity/2019.4.14f1/Unity.app/Contents', plugins path '/Users/socio/Unity/2019.4.14f1/Unity.app/Contents/PlaybackEngines'
Cmd: initializeCompiler
Cmd: compileComputeKernel
  api=14 insize=12919 outsize=3227 ok=1
Cmd: translateComputeKernel
  api=14 insize=3830 outsize=4087 ok=1
Cmd: compileComputeKernel
  api=14 insize=11985 outsize=2853 ok=1
Cmd: compileComputeKernel
  api=14 insize=11985 outsize=2999 ok=1
Cmd: translateComputeKernel
  api=14 insize=3363 outsize=4172 ok=1
Cmd: translateComputeKernel
  api=14 insize=2986 outsize=3472 ok=1
Cmd: compileComputeKernel
  api=14 insize=17013 outsize=4788 ok=1
Cmd: translateComputeKernel
  api=14 insize=4933 outsize=7763 ok=1
Cmd: compileComputeKernel
  api=14 insize=74735 outsize=15531 ok=1
Cmd: compileComputeKernel
  api=14 insize=74735 outsize=4051 ok=1
Cmd: compileComputeKernel
  api=14 insize=74735 outsize=4230 ok=1
Cmd: compileComputeKernel
  api=14 insize=74735 outsize=4294 ok=1
Cmd: compileComputeKernel
  api=14 insize=74735 outsize=4765 ok=1
Cmd: translateComputeKernel
  api=14 insize=5598 outsize=6740 ok=1
Cmd: translateComputeKernel
  api=14 insize=4244 outsize=4124 ok=1
Cmd: translateComputeKernel
  api=14 insize=4137 outsize=3751 ok=1
Cmd: translateComputeKernel
  api=14 insize=4182 outsize=3840 ok=1
Cmd: translateComputeKernel
  api=14 insize=4134 outsize=3751 ok=1
Cmd: translateComputeKernel
  api=14 insize=4124 outsize=3749 ok=1
Cmd: translateComputeKernel
  api=14 insize=4641 outsize=4528 ok=1
Cmd: translateComputeKernel
  api=14 insize=4149 outsize=3750 ok=1
Cmd: translateComputeKernel
  api=14 insize=4698 outsize=4965 ok=1
Cmd: translateComputeKernel
  api=14 insize=4732 outsize=5010 ok=1
Cmd: translateComputeKernel
  api=14 insize=4154 outsize=3873 ok=1
Cmd: translateComputeKernel
  api=14 insize=4321 outsize=4107 ok=1
Cmd: translateComputeKernel
  api=14 insize=4181 outsize=3811 ok=1
Cmd: translateComputeKernel
  api=14 insize=5086 outsize=5900 ok=1
Cmd: translateComputeKernel
  api=14 insize=6800 outsize=11046 ok=1
Cmd: compileComputeKernel
  api=14 insize=57129 outsize=1151 ok=1
Cmd: compileComputeKernel
  api=14 insize=57129 outsize=2409 ok=1
Cmd: compileComputeKernel
  api=14 insize=57129 outsize=2221 ok=1
Cmd: compileComputeKernel
  api=14 insize=57129 outsize=2283 ok=1
Cmd: compileComputeKernel
  api=14 insize=57129 outsize=2259 ok=1
Cmd: compileComputeKernel
  api=14 insize=57129 outsize=1157 ok=1
Cmd: compileComputeKernel
  api=14 insize=57129 outsize=2770 ok=1
Cmd: compileComputeKernel
  api=14 insize=57129 outsize=2818 ok=1
Cmd: compileComputeKernel
  api=14 insize=57129 outsize=2783 ok=1
Cmd: compileComputeKernel
  api=14 insize=57129 outsize=3090 ok=1
Cmd: compileComputeKernel
  api=14 insize=57129 outsize=2806 ok=1
Cmd: compileComputeKernel
  api=14 insize=57129 outsize=2696 ok=1
Cmd: compileComputeKernel
  api=14 insize=57129 outsize=2768 ok=1
Cmd: translateComputeKernel
  api=14 insize=2349 outsize=2038 ok=1
Cmd: translateComputeKernel
  api=14 insize=2446 outsize=2221 ok=1
Cmd: translateComputeKernel
  api=14 insize=2514 outsize=2323 ok=1
Cmd: translateComputeKernel
  api=14 insize=2509 outsize=2310 ok=1
Cmd: translateComputeKernel
  api=14 insize=3121 outsize=3447 ok=1
Cmd: translateComputeKernel
  api=14 insize=3045 outsize=3516 ok=1
Cmd: translateComputeKernel
  api=14 insize=2894 outsize=3298 ok=1
Cmd: translateComputeKernel
  api=14 insize=3166 outsize=3762 ok=1
Cmd: translateComputeKernel
  api=14 insize=3034 outsize=3323 ok=1
Cmd: translateComputeKernel
  api=14 insize=2920 outsize=3154 ok=1
Cmd: compileComputeKernel
  api=14 insize=79371 outsize=11317 ok=1
Cmd: compileComputeKernel
  api=14 insize=79371 outsize=5149 ok=1
Cmd: translateComputeKernel
  api=14 insize=9142 outsize=17558 ok=1
Cmd: translateComputeKernel
  api=14 insize=5858 outsize=9675 ok=1
Cmd: translateComputeKernel
  api=14 insize=4542 outsize=6951 ok=1
Cmd: translateComputeKernel
  api=14 insize=5183 outsize=8954 ok=1
Cmd: translateComputeKernel
  api=14 insize=6831 outsize=10531 ok=1
Cmd: compileComputeKernel
  api=14 insize=4442 outsize=2858 ok=1
Cmd: compileSnippet
  api=14 type=0 insize=1302 outsize=2957 kw=UNITY_PASS_SHADOWCASTER SHADOWS_DEPTH pd=UNITY_ENABLE_REFLECTION_BUFFERS UNITY_USE_DITHER_MASK_FOR_ALPHABLENDED_SHADOWS UNITY_PBS_USE_BRDF1 UNITY_SPECCUBE_BOX_PROJECTION UNITY_SPECCUBE_BLENDING UNITY_ENABLE_DETAIL_NORMALMAP SHADER_API_DESKTOP UNITY_COLORSPACE_GAMMA UNITY_LIGHT_PROBE_PROXY_VOLUME UNITY_LIGHTMAP_FULL_HDR ok=1

Quitting shader compiler process
